2024-07-31 09:57:14,100 ERROR frappe Failed to run after request hook
Site: erp.grupoatu.com
Form Dict: {}
Traceback (most recent call last):
  File "/home/frappe/frappe-bench/apps/frappe/frappe/utils/caching.py", line 55, in wrapper
    return frappe.local.request_cache[func][args_key]
KeyError: 5740354900026072187

During handling of the above exception, another exception occurred:

Traceback (most recent call last):
  File "/home/frappe/frappe-bench/apps/frappe/frappe/app.py", line 95, in application
    init_request(request)
  File "/home/frappe/frappe-bench/apps/frappe/frappe/app.py", line 193, in init_request
    for before_request_task in frappe.get_hooks("before_request"):
  File "/home/frappe/frappe-bench/apps/frappe/frappe/__init__.py", line 1637, in get_hooks
    hooks = _dict(_load_app_hooks())
  File "/home/frappe/frappe-bench/apps/frappe/frappe/utils/caching.py", line 57, in wrapper
    return_val = func(*args, **kwargs)
  File "/home/frappe/frappe-bench/apps/frappe/frappe/__init__.py", line 1606, in _load_app_hooks
    app_hooks = get_module(f"{app}.hooks")
  File "/home/frappe/frappe-bench/apps/frappe/frappe/__init__.py", line 1472, in get_module
    return importlib.import_module(modulename)
  File "/usr/lib/python3.10/importlib/__init__.py", line 126, in import_module
    return _bootstrap._gcd_import(name[level:], package, level)
  File "<frozen importlib._bootstrap>", line 1050, in _gcd_import
  File "<frozen importlib._bootstrap>", line 1027, in _find_and_load
  File "<frozen importlib._bootstrap>", line 1006, in _find_and_load_unlocked
  File "<frozen importlib._bootstrap>", line 688, in _load_unlocked
  File "<frozen importlib._bootstrap_external>", line 879, in exec_module
  File "<frozen importlib._bootstrap_external>", line 1017, in get_code
  File "<frozen importlib._bootstrap_external>", line 947, in source_to_code
  File "<frozen importlib._bootstrap>", line 241, in _call_with_frames_removed
  File "/home/frappe/frappe-bench/apps/integracion/integracion/hooks.py", line 32
    s2^u^%MdGESf
         ^
SyntaxError: invalid syntax

During handling of the above exception, another exception occurred:

Traceback (most recent call last):
  File "/home/frappe/frappe-bench/apps/frappe/frappe/utils/caching.py", line 55, in wrapper
    return frappe.local.request_cache[func][args_key]
KeyError: 5740354900026072187

During handling of the above exception, another exception occurred:

Traceback (most recent call last):
  File "/home/frappe/frappe-bench/apps/frappe/frappe/website/serve.py", line 19, in get_response
    endpoint, renderer_instance = path_resolver.resolve()
  File "/home/frappe/frappe-bench/apps/frappe/frappe/website/path_resolver.py", line 38, in resolve
    resolve_redirect(self.path, request.query_string)
  File "/home/frappe/frappe-bench/apps/frappe/frappe/website/path_resolver.py", line 117, in resolve_redirect
    redirects = frappe.get_hooks("website_redirects")
  File "/home/frappe/frappe-bench/apps/frappe/frappe/__init__.py", line 1637, in get_hooks
    hooks = _dict(_load_app_hooks())
  File "/home/frappe/frappe-bench/apps/frappe/frappe/utils/caching.py", line 57, in wrapper
    return_val = func(*args, **kwargs)
  File "/home/frappe/frappe-bench/apps/frappe/frappe/__init__.py", line 1606, in _load_app_hooks
    app_hooks = get_module(f"{app}.hooks")
  File "/home/frappe/frappe-bench/apps/frappe/frappe/__init__.py", line 1472, in get_module
    return importlib.import_module(modulename)
  File "/usr/lib/python3.10/importlib/__init__.py", line 126, in import_module
    return _bootstrap._gcd_import(name[level:], package, level)
  File "<frozen importlib._bootstrap>", line 1050, in _gcd_import
  File "<frozen importlib._bootstrap>", line 1027, in _find_and_load
  File "<frozen importlib._bootstrap>", line 1006, in _find_and_load_unlocked
  File "<frozen importlib._bootstrap>", line 688, in _load_unlocked
  File "<frozen importlib._bootstrap_external>", line 879, in exec_module
  File "<frozen importlib._bootstrap_external>", line 1017, in get_code
  File "<frozen importlib._bootstrap_external>", line 947, in source_to_code
  File "<frozen importlib._bootstrap>", line 241, in _call_with_frames_removed
  File "/home/frappe/frappe-bench/apps/integracion/integracion/hooks.py", line 32
    s2^u^%MdGESf
         ^
SyntaxError: invalid syntax

During handling of the above exception, another exception occurred:

Traceback (most recent call last):
  File "/home/frappe/frappe-bench/apps/frappe/frappe/utils/caching.py", line 55, in wrapper
    return frappe.local.request_cache[func][args_key]
KeyError: 5740354900026072187

During handling of the above exception, another exception occurred:

Traceback (most recent call last):
  File "/home/frappe/frappe-bench/apps/frappe/frappe/app.py", line 128, in application
    response = handle_exception(e)
  File "/home/frappe/frappe-bench/apps/frappe/frappe/app.py", line 391, in handle_exception
    response = get_response("message", http_status_code=http_status_code)
  File "/home/frappe/frappe-bench/apps/frappe/frappe/website/serve.py", line 28, in get_response
    response = ErrorPage(exception=e).render()
  File "/home/frappe/frappe-bench/apps/frappe/frappe/website/page_renderers/template_page.py", line 84, in render
    html = self.get_html()
  File "/home/frappe/frappe-bench/apps/frappe/frappe/website/utils.py", line 523, in cache_html_decorator
    html = func(*args, **kwargs)
  File "/home/frappe/frappe-bench/apps/frappe/frappe/website/page_renderers/template_page.py", line 92, in get_html
    self.init_context()
  File "/home/frappe/frappe-bench/apps/frappe/frappe/website/page_renderers/error_page.py", line 14, in init_context
    super().init_context()
  File "/home/frappe/frappe-bench/apps/frappe/frappe/website/page_renderers/base_template_page.py", line 15, in init_context
    self.context.update(get_website_settings())
  File "/home/frappe/frappe-bench/apps/frappe/frappe/website/doctype/website_settings/website_settings.py", line 172, in get_website_settings
    hooks = frappe.get_hooks()
  File "/home/frappe/frappe-bench/apps/frappe/frappe/__init__.py", line 1637, in get_hooks
    hooks = _dict(_load_app_hooks())
  File "/home/frappe/frappe-bench/apps/frappe/frappe/utils/caching.py", line 57, in wrapper
    return_val = func(*args, **kwargs)
  File "/home/frappe/frappe-bench/apps/frappe/frappe/__init__.py", line 1606, in _load_app_hooks
    app_hooks = get_module(f"{app}.hooks")
  File "/home/frappe/frappe-bench/apps/frappe/frappe/__init__.py", line 1472, in get_module
    return importlib.import_module(modulename)
  File "/usr/lib/python3.10/importlib/__init__.py", line 126, in import_module
    return _bootstrap._gcd_import(name[level:], package, level)
  File "<frozen importlib._bootstrap>", line 1050, in _gcd_import
  File "<frozen importlib._bootstrap>", line 1027, in _find_and_load
  File "<frozen importlib._bootstrap>", line 1006, in _find_and_load_unlocked
  File "<frozen importlib._bootstrap>", line 688, in _load_unlocked
  File "<frozen importlib._bootstrap_external>", line 879, in exec_module
  File "<frozen importlib._bootstrap_external>", line 1017, in get_code
  File "<frozen importlib._bootstrap_external>", line 947, in source_to_code
  File "<frozen importlib._bootstrap>", line 241, in _call_with_frames_removed
  File "/home/frappe/frappe-bench/apps/integracion/integracion/hooks.py", line 32
    s2^u^%MdGESf
         ^
SyntaxError: invalid syntax

During handling of the above exception, another exception occurred:

Traceback (most recent call last):
  File "/home/frappe/frappe-bench/apps/frappe/frappe/utils/caching.py", line 55, in wrapper
    return frappe.local.request_cache[func][args_key]
KeyError: 5740354900026072187

During handling of the above exception, another exception occurred:

Traceback (most recent call last):
  File "/home/frappe/frappe-bench/apps/frappe/frappe/app.py", line 142, in application
    run_after_request_hooks(request, response)
  File "/home/frappe/frappe-bench/apps/frappe/frappe/app.py", line 157, in run_after_request_hooks
    for after_request_task in frappe.get_hooks("after_request"):
  File "/home/frappe/frappe-bench/apps/frappe/frappe/__init__.py", line 1637, in get_hooks
    hooks = _dict(_load_app_hooks())
  File "/home/frappe/frappe-bench/apps/frappe/frappe/utils/caching.py", line 57, in wrapper
    return_val = func(*args, **kwargs)
  File "/home/frappe/frappe-bench/apps/frappe/frappe/__init__.py", line 1606, in _load_app_hooks
    app_hooks = get_module(f"{app}.hooks")
  File "/home/frappe/frappe-bench/apps/frappe/frappe/__init__.py", line 1472, in get_module
    return importlib.import_module(modulename)
  File "/usr/lib/python3.10/importlib/__init__.py", line 126, in import_module
    return _bootstrap._gcd_import(name[level:], package, level)
  File "<frozen importlib._bootstrap>", line 1050, in _gcd_import
  File "<frozen importlib._bootstrap>", line 1027, in _find_and_load
  File "<frozen importlib._bootstrap>", line 1006, in _find_and_load_unlocked
  File "<frozen importlib._bootstrap>", line 688, in _load_unlocked
  File "<frozen importlib._bootstrap_external>", line 879, in exec_module
  File "<frozen importlib._bootstrap_external>", line 1017, in get_code
  File "<frozen importlib._bootstrap_external>", line 947, in source_to_code
  File "<frozen importlib._bootstrap>", line 241, in _call_with_frames_removed
  File "/home/frappe/frappe-bench/apps/integracion/integracion/hooks.py", line 32
    s2^u^%MdGESf
         ^
SyntaxError: invalid syntax
2024-07-31 09:57:14,214 ERROR frappe Could not take error snapshot: invalid syntax (hooks.py, line 32)
Site: erp.grupoatu.com
Form Dict: {}
Traceback (most recent call last):
  File "/home/frappe/frappe-bench/apps/frappe/frappe/utils/caching.py", line 55, in wrapper
    return frappe.local.request_cache[func][args_key]
KeyError: 5740354900026072187

During handling of the above exception, another exception occurred:

Traceback (most recent call last):
  File "/home/frappe/frappe-bench/apps/frappe/frappe/app.py", line 95, in application
    init_request(request)
  File "/home/frappe/frappe-bench/apps/frappe/frappe/app.py", line 193, in init_request
    for before_request_task in frappe.get_hooks("before_request"):
  File "/home/frappe/frappe-bench/apps/frappe/frappe/__init__.py", line 1637, in get_hooks
    hooks = _dict(_load_app_hooks())
  File "/home/frappe/frappe-bench/apps/frappe/frappe/utils/caching.py", line 57, in wrapper
    return_val = func(*args, **kwargs)
  File "/home/frappe/frappe-bench/apps/frappe/frappe/__init__.py", line 1606, in _load_app_hooks
    app_hooks = get_module(f"{app}.hooks")
  File "/home/frappe/frappe-bench/apps/frappe/frappe/__init__.py", line 1472, in get_module
    return importlib.import_module(modulename)
  File "/usr/lib/python3.10/importlib/__init__.py", line 126, in import_module
    return _bootstrap._gcd_import(name[level:], package, level)
  File "<frozen importlib._bootstrap>", line 1050, in _gcd_import
  File "<frozen importlib._bootstrap>", line 1027, in _find_and_load
  File "<frozen importlib._bootstrap>", line 1006, in _find_and_load_unlocked
  File "<frozen importlib._bootstrap>", line 688, in _load_unlocked
  File "<frozen importlib._bootstrap_external>", line 879, in exec_module
  File "<frozen importlib._bootstrap_external>", line 1017, in get_code
  File "<frozen importlib._bootstrap_external>", line 947, in source_to_code
  File "<frozen importlib._bootstrap>", line 241, in _call_with_frames_removed
  File "/home/frappe/frappe-bench/apps/integracion/integracion/hooks.py", line 32
    s2^u^%MdGESf
         ^
SyntaxError: invalid syntax

During handling of the above exception, another exception occurred:

Traceback (most recent call last):
  File "/home/frappe/frappe-bench/apps/frappe/frappe/utils/caching.py", line 55, in wrapper
    return frappe.local.request_cache[func][args_key]
KeyError: 5740354900026072187

During handling of the above exception, another exception occurred:

Traceback (most recent call last):
  File "/home/frappe/frappe-bench/apps/frappe/frappe/utils/error.py", line 86, in log_error_snapshot
    log_error(title=str(exception), defer_insert=True)
  File "/home/frappe/frappe-bench/apps/frappe/frappe/utils/error.py", line 61, in log_error
    error_log = frappe.get_doc(
  File "/home/frappe/frappe-bench/apps/frappe/frappe/__init__.py", line 1329, in get_doc
    doc = frappe.model.document.get_doc(*args, **kwargs)
  File "/home/frappe/frappe-bench/apps/frappe/frappe/model/document.py", line 83, in get_doc
    controller = get_controller(doctype)
  File "/home/frappe/frappe-bench/apps/frappe/frappe/model/base_document.py", line 70, in get_controller
    site_controllers[doctype] = import_controller(doctype)
  File "/home/frappe/frappe-bench/apps/frappe/frappe/model/base_document.py", line 88, in import_controller
    class_overrides = frappe.get_hooks("override_doctype_class")
  File "/home/frappe/frappe-bench/apps/frappe/frappe/__init__.py", line 1637, in get_hooks
    hooks = _dict(_load_app_hooks())
  File "/home/frappe/frappe-bench/apps/frappe/frappe/utils/caching.py", line 57, in wrapper
    return_val = func(*args, **kwargs)
  File "/home/frappe/frappe-bench/apps/frappe/frappe/__init__.py", line 1606, in _load_app_hooks
    app_hooks = get_module(f"{app}.hooks")
  File "/home/frappe/frappe-bench/apps/frappe/frappe/__init__.py", line 1472, in get_module
    return importlib.import_module(modulename)
  File "/usr/lib/python3.10/importlib/__init__.py", line 126, in import_module
    return _bootstrap._gcd_import(name[level:], package, level)
  File "<frozen importlib._bootstrap>", line 1050, in _gcd_import
  File "<frozen importlib._bootstrap>", line 1027, in _find_and_load
  File "<frozen importlib._bootstrap>", line 1006, in _find_and_load_unlocked
  File "<frozen importlib._bootstrap>", line 688, in _load_unlocked
  File "<frozen importlib._bootstrap_external>", line 879, in exec_module
  File "<frozen importlib._bootstrap_external>", line 1017, in get_code
  File "<frozen importlib._bootstrap_external>", line 947, in source_to_code
  File "<frozen importlib._bootstrap>", line 241, in _call_with_frames_removed
  File "/home/frappe/frappe-bench/apps/integracion/integracion/hooks.py", line 32
    s2^u^%MdGESf
         ^
SyntaxError: invalid syntax
2024-07-31 09:57:14,221 ERROR frappe Failed to run after request hook
Site: erp.grupoatu.com
Form Dict: {}
Traceback (most recent call last):
  File "/home/frappe/frappe-bench/apps/frappe/frappe/utils/caching.py", line 55, in wrapper
    return frappe.local.request_cache[func][args_key]
KeyError: 5740354900026072187

During handling of the above exception, another exception occurred:

Traceback (most recent call last):
  File "/home/frappe/frappe-bench/apps/frappe/frappe/app.py", line 95, in application
    init_request(request)
  File "/home/frappe/frappe-bench/apps/frappe/frappe/app.py", line 193, in init_request
    for before_request_task in frappe.get_hooks("before_request"):
  File "/home/frappe/frappe-bench/apps/frappe/frappe/__init__.py", line 1637, in get_hooks
    hooks = _dict(_load_app_hooks())
  File "/home/frappe/frappe-bench/apps/frappe/frappe/utils/caching.py", line 57, in wrapper
    return_val = func(*args, **kwargs)
  File "/home/frappe/frappe-bench/apps/frappe/frappe/__init__.py", line 1606, in _load_app_hooks
    app_hooks = get_module(f"{app}.hooks")
  File "/home/frappe/frappe-bench/apps/frappe/frappe/__init__.py", line 1472, in get_module
    return importlib.import_module(modulename)
  File "/usr/lib/python3.10/importlib/__init__.py", line 126, in import_module
    return _bootstrap._gcd_import(name[level:], package, level)
  File "<frozen importlib._bootstrap>", line 1050, in _gcd_import
  File "<frozen importlib._bootstrap>", line 1027, in _find_and_load
  File "<frozen importlib._bootstrap>", line 1006, in _find_and_load_unlocked
  File "<frozen importlib._bootstrap>", line 688, in _load_unlocked
  File "<frozen importlib._bootstrap_external>", line 879, in exec_module
  File "<frozen importlib._bootstrap_external>", line 1017, in get_code
  File "<frozen importlib._bootstrap_external>", line 947, in source_to_code
  File "<frozen importlib._bootstrap>", line 241, in _call_with_frames_removed
  File "/home/frappe/frappe-bench/apps/integracion/integracion/hooks.py", line 32
    s2^u^%MdGESf
         ^
SyntaxError: invalid syntax

During handling of the above exception, another exception occurred:

Traceback (most recent call last):
  File "/home/frappe/frappe-bench/apps/frappe/frappe/utils/caching.py", line 55, in wrapper
    return frappe.local.request_cache[func][args_key]
KeyError: 5740354900026072187

During handling of the above exception, another exception occurred:

Traceback (most recent call last):
  File "/home/frappe/frappe-bench/apps/frappe/frappe/website/serve.py", line 19, in get_response
    endpoint, renderer_instance = path_resolver.resolve()
  File "/home/frappe/frappe-bench/apps/frappe/frappe/website/path_resolver.py", line 38, in resolve
    resolve_redirect(self.path, request.query_string)
  File "/home/frappe/frappe-bench/apps/frappe/frappe/website/path_resolver.py", line 117, in resolve_redirect
    redirects = frappe.get_hooks("website_redirects")
  File "/home/frappe/frappe-bench/apps/frappe/frappe/__init__.py", line 1637, in get_hooks
    hooks = _dict(_load_app_hooks())
  File "/home/frappe/frappe-bench/apps/frappe/frappe/utils/caching.py", line 57, in wrapper
    return_val = func(*args, **kwargs)
  File "/home/frappe/frappe-bench/apps/frappe/frappe/__init__.py", line 1606, in _load_app_hooks
    app_hooks = get_module(f"{app}.hooks")
  File "/home/frappe/frappe-bench/apps/frappe/frappe/__init__.py", line 1472, in get_module
    return importlib.import_module(modulename)
  File "/usr/lib/python3.10/importlib/__init__.py", line 126, in import_module
    return _bootstrap._gcd_import(name[level:], package, level)
  File "<frozen importlib._bootstrap>", line 1050, in _gcd_import
  File "<frozen importlib._bootstrap>", line 1027, in _find_and_load
  File "<frozen importlib._bootstrap>", line 1006, in _find_and_load_unlocked
  File "<frozen importlib._bootstrap>", line 688, in _load_unlocked
  File "<frozen importlib._bootstrap_external>", line 879, in exec_module
  File "<frozen importlib._bootstrap_external>", line 1017, in get_code
  File "<frozen importlib._bootstrap_external>", line 947, in source_to_code
  File "<frozen importlib._bootstrap>", line 241, in _call_with_frames_removed
  File "/home/frappe/frappe-bench/apps/integracion/integracion/hooks.py", line 32
    s2^u^%MdGESf
         ^
SyntaxError: invalid syntax

During handling of the above exception, another exception occurred:

Traceback (most recent call last):
  File "/home/frappe/frappe-bench/apps/frappe/frappe/utils/caching.py", line 55, in wrapper
    return frappe.local.request_cache[func][args_key]
KeyError: 5740354900026072187

During handling of the above exception, another exception occurred:

Traceback (most recent call last):
  File "/home/frappe/frappe-bench/apps/frappe/frappe/app.py", line 128, in application
    response = handle_exception(e)
  File "/home/frappe/frappe-bench/apps/frappe/frappe/app.py", line 391, in handle_exception
    response = get_response("message", http_status_code=http_status_code)
  File "/home/frappe/frappe-bench/apps/frappe/frappe/website/serve.py", line 28, in get_response
    response = ErrorPage(exception=e).render()
  File "/home/frappe/frappe-bench/apps/frappe/frappe/website/page_renderers/template_page.py", line 84, in render
    html = self.get_html()
  File "/home/frappe/frappe-bench/apps/frappe/frappe/website/utils.py", line 523, in cache_html_decorator
    html = func(*args, **kwargs)
  File "/home/frappe/frappe-bench/apps/frappe/frappe/website/page_renderers/template_page.py", line 92, in get_html
    self.init_context()
  File "/home/frappe/frappe-bench/apps/frappe/frappe/website/page_renderers/error_page.py", line 14, in init_context
    super().init_context()
  File "/home/frappe/frappe-bench/apps/frappe/frappe/website/page_renderers/base_template_page.py", line 15, in init_context
    self.context.update(get_website_settings())
  File "/home/frappe/frappe-bench/apps/frappe/frappe/website/doctype/website_settings/website_settings.py", line 172, in get_website_settings
    hooks = frappe.get_hooks()
  File "/home/frappe/frappe-bench/apps/frappe/frappe/__init__.py", line 1637, in get_hooks
    hooks = _dict(_load_app_hooks())
  File "/home/frappe/frappe-bench/apps/frappe/frappe/utils/caching.py", line 57, in wrapper
    return_val = func(*args, **kwargs)
  File "/home/frappe/frappe-bench/apps/frappe/frappe/__init__.py", line 1606, in _load_app_hooks
    app_hooks = get_module(f"{app}.hooks")
  File "/home/frappe/frappe-bench/apps/frappe/frappe/__init__.py", line 1472, in get_module
    return importlib.import_module(modulename)
  File "/usr/lib/python3.10/importlib/__init__.py", line 126, in import_module
    return _bootstrap._gcd_import(name[level:], package, level)
  File "<frozen importlib._bootstrap>", line 1050, in _gcd_import
  File "<frozen importlib._bootstrap>", line 1027, in _find_and_load
  File "<frozen importlib._bootstrap>", line 1006, in _find_and_load_unlocked
  File "<frozen importlib._bootstrap>", line 688, in _load_unlocked
  File "<frozen importlib._bootstrap_external>", line 879, in exec_module
  File "<frozen importlib._bootstrap_external>", line 1017, in get_code
  File "<frozen importlib._bootstrap_external>", line 947, in source_to_code
  File "<frozen importlib._bootstrap>", line 241, in _call_with_frames_removed
  File "/home/frappe/frappe-bench/apps/integracion/integracion/hooks.py", line 32
    s2^u^%MdGESf
         ^
SyntaxError: invalid syntax

During handling of the above exception, another exception occurred:

Traceback (most recent call last):
  File "/home/frappe/frappe-bench/apps/frappe/frappe/utils/caching.py", line 55, in wrapper
    return frappe.local.request_cache[func][args_key]
KeyError: 5740354900026072187

During handling of the above exception, another exception occurred:

Traceback (most recent call last):
  File "/home/frappe/frappe-bench/apps/frappe/frappe/app.py", line 142, in application
    run_after_request_hooks(request, response)
  File "/home/frappe/frappe-bench/apps/frappe/frappe/app.py", line 157, in run_after_request_hooks
    for after_request_task in frappe.get_hooks("after_request"):
  File "/home/frappe/frappe-bench/apps/frappe/frappe/__init__.py", line 1637, in get_hooks
    hooks = _dict(_load_app_hooks())
  File "/home/frappe/frappe-bench/apps/frappe/frappe/utils/caching.py", line 57, in wrapper
    return_val = func(*args, **kwargs)
  File "/home/frappe/frappe-bench/apps/frappe/frappe/__init__.py", line 1606, in _load_app_hooks
    app_hooks = get_module(f"{app}.hooks")
  File "/home/frappe/frappe-bench/apps/frappe/frappe/__init__.py", line 1472, in get_module
    return importlib.import_module(modulename)
  File "/usr/lib/python3.10/importlib/__init__.py", line 126, in import_module
    return _bootstrap._gcd_import(name[level:], package, level)
  File "<frozen importlib._bootstrap>", line 1050, in _gcd_import
  File "<frozen importlib._bootstrap>", line 1027, in _find_and_load
  File "<frozen importlib._bootstrap>", line 1006, in _find_and_load_unlocked
  File "<frozen importlib._bootstrap>", line 688, in _load_unlocked
  File "<frozen importlib._bootstrap_external>", line 879, in exec_module
  File "<frozen importlib._bootstrap_external>", line 1017, in get_code
  File "<frozen importlib._bootstrap_external>", line 947, in source_to_code
  File "<frozen importlib._bootstrap>", line 241, in _call_with_frames_removed
  File "/home/frappe/frappe-bench/apps/integracion/integracion/hooks.py", line 32
    s2^u^%MdGESf
         ^
SyntaxError: invalid syntax
2024-07-31 09:58:53,289 ERROR frappe New Exception collected in error log
Site: erp.grupoatu.com
Form Dict: {'docnames': 'ACC-PINV-2024-00025', 'cmd': 'integracion.integracion.sii.sii_integracion.enviar_facturas_recibidas_wrapper'}
2024-07-31 11:08:07,414 ERROR frappe New Exception collected in error log
Site: erp.grupoatu.com
Form Dict: {}
2024-07-31 15:06:37,138 ERROR frappe New Exception collected in error log
Site: erp.grupoatu.com
Form Dict: {'doc': '{"name":"Course Import on 2024-07-31 14:58:59.240559","owner":"Administrator","creation":"2024-07-31 14:58:59.240559","modified":"2024-07-31 15:05:29.632465","modified_by":"Administrator","docstatus":0,"idx":0,"reference_doctype":"Course","import_type":"Insert New Records","import_file":"/private/files/Cursos070554.xlsx","payload_count":1186,"status":"Pending","submit_after_import":0,"mute_emails":1,"template_options":"{\\"column_to_field_map\\":{\\"0\\":\\"course_name\\",\\"1\\":\\"expediente\\",\\"2\\":\\"custom_convocatoria\\",\\"3\\":\\"custom_solicitante\\",\\"5\\":\\"custom_alumnos_concedidos\\",\\"6\\":\\"custom_fecha_inicio_teoría\\",\\"7\\":\\"custom_horas_practicas\\",\\"8\\":\\"Don\'t Import\\",\\"9\\":\\"custom_coste_módulo_hal\\",\\"10\\":\\"custom_coste_módulo_hal_practicas\\"}}","template_warnings":"","show_failed_logs":0,"doctype":"Data Import","__unsaved":1}', 'action': 'Save', 'cmd': 'frappe.desk.form.save.savedocs'}
2024-08-01 10:53:25,418 ERROR frappe New Exception collected in error log
Site: erp.grupoatu.com
Form Dict: {'docnames': 'TBC/V/2400019', 'cmd': 'integracion.integracion.sii.sii_integracion.enviar_facturas_emitidas_wrapper'}
2024-08-01 10:54:07,444 ERROR frappe New Exception collected in error log
Site: erp.grupoatu.com
Form Dict: {'docnames': 'TBC/V/2400019', 'cmd': 'integracion.integracion.sii.sii_integracion.enviar_facturas_emitidas_wrapper'}
2024-08-01 11:06:14,340 ERROR frappe New Exception collected in error log
Site: erp.grupoatu.com
Form Dict: {'docnames': 'TBC/V/2400019', 'cmd': 'integracion.integracion.sii.sii_integracion.enviar_facturas_emitidas_wrapper'}
2024-08-01 11:09:32,119 ERROR frappe New Exception collected in error log
Site: erp.grupoatu.com
Form Dict: {'docnames': 'TBC/V/2400019', 'cmd': 'integracion.integracion.sii.sii_integracion.enviar_facturas_emitidas_wrapper'}
2024-08-01 11:13:04,083 ERROR frappe New Exception collected in error log
Site: erp.grupoatu.com
Form Dict: {'docnames': 'TBC/V/2400019', 'cmd': 'integracion.integracion.sii.sii_integracion.enviar_facturas_emitidas_wrapper'}
2024-08-01 12:22:04,594 ERROR frappe New Exception collected in error log
Site: erp.grupoatu.com
Form Dict: {'doctype': 'Course', 'name': 'CUR-FNS15/2023/88-001396', 'items': '["Program","Course Enrollment","Course Schedule","Student Group","Assessment Plan","Assessment Result"]', 'cmd': 'frappe.desk.notifications.get_open_count'}
2024-08-01 12:22:04,628 ERROR frappe New Exception collected in error log
Site: erp.grupoatu.com
Form Dict: {'doctype': 'Course', 'name': 'CUR-FNS15/2023/88-001396', 'items': '["Program","Course Enrollment","Course Schedule","Student Group","Assessment Plan","Assessment Result"]', 'cmd': 'frappe.desk.notifications.get_open_count'}
2024-08-01 12:23:06,747 ERROR frappe New Exception collected in error log
Site: erp.grupoatu.com
Form Dict: {'docnames': 'TBC/V/2400019', 'cmd': 'integracion.integracion.sii.sii_integracion.enviar_facturas_emitidas_wrapper'}
2024-08-01 12:24:16,149 ERROR frappe New Exception collected in error log
Site: erp.grupoatu.com
Form Dict: {'docnames': 'TBC/V/2400019', 'cmd': 'integracion.integracion.sii.sii_integracion.enviar_facturas_emitidas_wrapper'}
2024-08-01 12:26:33,132 ERROR frappe New Exception collected in error log
Site: erp.grupoatu.com
Form Dict: {'docnames': 'TBC/V/2400019', 'cmd': 'integracion.integracion.sii.sii_integracion.enviar_facturas_emitidas_wrapper'}
2024-08-01 12:32:11,590 ERROR frappe New Exception collected in error log
Site: erp.grupoatu.com
Form Dict: {'docnames': 'TBC/V/2400019', 'cmd': 'integracion.integracion.sii.sii_integracion.enviar_facturas_emitidas_wrapper'}
2024-08-01 12:44:51,609 ERROR frappe New Exception collected in error log
Site: erp.grupoatu.com
Form Dict: {'docnames': 'TBC/V/2400019', 'cmd': 'integracion.integracion.sii.sii_integracion.enviar_facturas_emitidas_wrapper'}
2024-08-01 12:52:31,706 ERROR frappe New Exception collected in error log
Site: erp.grupoatu.com
Form Dict: {'docnames': 'TBC/V/2400019', 'cmd': 'integracion.integracion.sii.sii_integracion.enviar_facturas_emitidas_wrapper'}
2024-08-01 13:13:42,448 ERROR frappe New Exception collected in error log
Site: erp.grupoatu.com
Form Dict: {'docnames': 'TBC/V/2400019', 'cmd': 'integracion.integracion.sii.sii_integracion.enviar_facturas_emitidas_wrapper'}
2024-08-01 13:35:26,524 ERROR frappe New Exception collected in error log
Site: erp.grupoatu.com
Form Dict: {'docnames': 'TBC/V/2400019', 'cmd': 'integracion.integracion.sii.sii_integracion.enviar_facturas_emitidas_wrapper'}
2024-08-01 13:42:48,304 ERROR frappe New Exception collected in error log
Site: erp.grupoatu.com
Form Dict: {'docnames': 'ATUSL/L/2400001-2', 'cmd': 'integracion.integracion.sii.sii_integracion.enviar_facturas_emitidas_wrapper'}
2024-08-01 13:46:32,799 ERROR frappe New Exception collected in error log
Site: erp.grupoatu.com
Form Dict: {'docnames': 'ATUSL/L/2400001-2', 'cmd': 'integracion.integracion.sii.sii_integracion.enviar_facturas_emitidas_wrapper'}
2024-08-01 16:00:59,090 ERROR frappe New Exception collected in error log
Site: erp.grupoatu.com
Form Dict: {'docnames': 'TBC/V/2400018-1', 'cmd': 'integracion.integracion.sii.sii_integracion.enviar_facturas_emitidas_wrapper'}
2024-08-02 10:00:04,326 ERROR frappe New Exception collected in error log
Site: erp.grupoatu.com
Form Dict: {'doctype': 'Course', 'name': 'CUR-2024-00031', 'items': '["Program","Course Enrollment","Course Schedule","Student Group","Assessment Plan","Assessment Result"]', 'cmd': 'frappe.desk.notifications.get_open_count'}
2024-08-02 10:00:04,599 ERROR frappe New Exception collected in error log
Site: erp.grupoatu.com
Form Dict: {'doctype': 'Course', 'name': 'CUR-2024-00031', 'items': '["Program","Course Enrollment","Course Schedule","Student Group","Assessment Plan","Assessment Result"]', 'cmd': 'frappe.desk.notifications.get_open_count'}
2024-08-02 10:00:50,316 ERROR frappe New Exception collected in error log
Site: erp.grupoatu.com
Form Dict: {'doctype': 'Course', 'name': 'CUR-2024-00031', 'items': '["Program","Course Enrollment","Course Schedule","Student Group","Assessment Plan","Assessment Result"]', 'cmd': 'frappe.desk.notifications.get_open_count'}
2024-08-02 10:13:39,830 ERROR frappe New Exception collected in error log
Site: erp.grupoatu.com
Form Dict: {'doctype': 'Course', 'name': 'CUR-2024-00031', 'items': '["Program","Course Enrollment","Course Schedule","Student Group","Assessment Plan","Assessment Result"]', 'cmd': 'frappe.desk.notifications.get_open_count'}
2024-08-02 10:19:26,679 ERROR frappe New Exception collected in error log
Site: erp.grupoatu.com
Form Dict: {'doctype': 'Course', 'name': 'CUR-004/MED/05/2023-001040', 'items': '["Program","Course Enrollment","Course Schedule","Student Group","Assessment Plan","Assessment Result"]', 'cmd': 'frappe.desk.notifications.get_open_count'}
2024-08-02 10:19:26,951 ERROR frappe New Exception collected in error log
Site: erp.grupoatu.com
Form Dict: {'doctype': 'Course', 'name': 'CUR-004/MED/05/2023-001040', 'items': '["Program","Course Enrollment","Course Schedule","Student Group","Assessment Plan","Assessment Result"]', 'cmd': 'frappe.desk.notifications.get_open_count'}
2024-08-02 12:28:16,498 ERROR frappe New Exception collected in error log
Site: erp.grupoatu.com
Form Dict: {'doctype': 'Purchase Invoice', 'fields': '["`tabPurchase Invoice`.`name`","`tabPurchase Invoice`.`owner`","`tabPurchase Invoice`.`creation`","`tabPurchase Invoice`.`modified`","`tabPurchase Invoice`.`modified_by`","`tabPurchase Invoice`.`_user_tags`","`tabPurchase Invoice`.`_comments`","`tabPurchase Invoice`.`_assign`","`tabPurchase Invoice`.`_liked_by`","`tabPurchase Invoice`.`docstatus`","`tabPurchase Invoice`.`idx`","`tabPurchase Invoice`.`posting_date`","`tabPurchase Invoice`.`custom_sent_to_aeat`","`tabPurchase Invoice`.`total`","`tabPurchase Invoice`.`net_total`","`tabPurchase Invoice`.`tax_withholding_net_total`","`tabPurchase Invoice`.`taxes_and_charges_added`","`tabPurchase Invoice`.`taxes_and_charges_deducted`","`tabPurchase Invoice`.`total_taxes_and_charges`","`tabPurchase Invoice`.`grand_total`","`tabPurchase Invoice`.`rounding_adjustment`","`tabPurchase Invoice`.`rounded_total`","`tabPurchase Invoice`.`total_advance`","`tabPurchase Invoice`.`outstanding_amount`","`tabPurchase Invoice`.`discount_amount`","`tabPurchase Invoice`.`paid_amount`","`tabPurchase Invoice`.`write_off_amount`","`tabPurchase Invoice`.`status`","`tabPurchase Invoice`.`title`","`tabPurchase Invoice`.`currency`","`tabPurchase Invoice`.`party_account_currency`"]', 'filters': '[]', 'order_by': '`tabPurchase Invoice`.`custom_sent_to_aeat` desc', 'start': '0', 'page_length': '20', 'view': 'List', 'group_by': '', 'with_comment_count': '1', 'cmd': 'frappe.desk.reportview.get'}
2024-08-02 12:28:24,699 ERROR frappe New Exception collected in error log
Site: erp.grupoatu.com
Form Dict: {'doctype': 'Purchase Invoice', 'fields': '["`tabPurchase Invoice`.`name`","`tabPurchase Invoice`.`owner`","`tabPurchase Invoice`.`creation`","`tabPurchase Invoice`.`modified`","`tabPurchase Invoice`.`modified_by`","`tabPurchase Invoice`.`_user_tags`","`tabPurchase Invoice`.`_comments`","`tabPurchase Invoice`.`_assign`","`tabPurchase Invoice`.`_liked_by`","`tabPurchase Invoice`.`docstatus`","`tabPurchase Invoice`.`idx`","`tabPurchase Invoice`.`posting_date`","`tabPurchase Invoice`.`custom_sent_to_aeat`","`tabPurchase Invoice`.`total`","`tabPurchase Invoice`.`net_total`","`tabPurchase Invoice`.`tax_withholding_net_total`","`tabPurchase Invoice`.`taxes_and_charges_added`","`tabPurchase Invoice`.`taxes_and_charges_deducted`","`tabPurchase Invoice`.`total_taxes_and_charges`","`tabPurchase Invoice`.`grand_total`","`tabPurchase Invoice`.`rounding_adjustment`","`tabPurchase Invoice`.`rounded_total`","`tabPurchase Invoice`.`total_advance`","`tabPurchase Invoice`.`outstanding_amount`","`tabPurchase Invoice`.`discount_amount`","`tabPurchase Invoice`.`paid_amount`","`tabPurchase Invoice`.`write_off_amount`","`tabPurchase Invoice`.`status`","`tabPurchase Invoice`.`title`","`tabPurchase Invoice`.`currency`","`tabPurchase Invoice`.`party_account_currency`"]', 'filters': '[["Purchase Invoice","company","=","Burgos atu SL"]]', 'order_by': '`tabPurchase Invoice`.`modified` desc', 'start': '0', 'page_length': '20', 'view': 'List', 'group_by': '', 'with_comment_count': '1', 'cmd': 'frappe.desk.reportview.get'}
2024-08-02 12:28:36,040 ERROR frappe New Exception collected in error log
Site: erp.grupoatu.com
Form Dict: {'doctype': 'Purchase Invoice', 'fields': '["`tabPurchase Invoice`.`name`","`tabPurchase Invoice`.`owner`","`tabPurchase Invoice`.`creation`","`tabPurchase Invoice`.`modified`","`tabPurchase Invoice`.`modified_by`","`tabPurchase Invoice`.`_user_tags`","`tabPurchase Invoice`.`_comments`","`tabPurchase Invoice`.`_assign`","`tabPurchase Invoice`.`_liked_by`","`tabPurchase Invoice`.`docstatus`","`tabPurchase Invoice`.`idx`","`tabPurchase Invoice`.`posting_date`","`tabPurchase Invoice`.`custom_sent_to_aeat`","`tabPurchase Invoice`.`total`","`tabPurchase Invoice`.`net_total`","`tabPurchase Invoice`.`tax_withholding_net_total`","`tabPurchase Invoice`.`taxes_and_charges_added`","`tabPurchase Invoice`.`taxes_and_charges_deducted`","`tabPurchase Invoice`.`total_taxes_and_charges`","`tabPurchase Invoice`.`grand_total`","`tabPurchase Invoice`.`rounding_adjustment`","`tabPurchase Invoice`.`rounded_total`","`tabPurchase Invoice`.`total_advance`","`tabPurchase Invoice`.`outstanding_amount`","`tabPurchase Invoice`.`discount_amount`","`tabPurchase Invoice`.`paid_amount`","`tabPurchase Invoice`.`write_off_amount`","`tabPurchase Invoice`.`status`","`tabPurchase Invoice`.`title`","`tabPurchase Invoice`.`currency`","`tabPurchase Invoice`.`party_account_currency`"]', 'filters': '[["Purchase Invoice","company","=","Burgos atu SL"]]', 'order_by': '`tabPurchase Invoice`.`modified` desc', 'start': '0', 'page_length': '20', 'view': 'List', 'group_by': '', 'with_comment_count': '1', 'cmd': 'frappe.desk.reportview.get'}
2024-08-02 12:28:43,284 ERROR frappe New Exception collected in error log
Site: erp.grupoatu.com
Form Dict: {'doctype': 'Purchase Invoice', 'fields': '["`tabPurchase Invoice`.`name`","`tabPurchase Invoice`.`owner`","`tabPurchase Invoice`.`creation`","`tabPurchase Invoice`.`modified`","`tabPurchase Invoice`.`modified_by`","`tabPurchase Invoice`.`_user_tags`","`tabPurchase Invoice`.`_comments`","`tabPurchase Invoice`.`_assign`","`tabPurchase Invoice`.`_liked_by`","`tabPurchase Invoice`.`docstatus`","`tabPurchase Invoice`.`idx`","`tabPurchase Invoice`.`posting_date`","`tabPurchase Invoice`.`custom_sent_to_aeat`","`tabPurchase Invoice`.`total`","`tabPurchase Invoice`.`net_total`","`tabPurchase Invoice`.`tax_withholding_net_total`","`tabPurchase Invoice`.`taxes_and_charges_added`","`tabPurchase Invoice`.`taxes_and_charges_deducted`","`tabPurchase Invoice`.`total_taxes_and_charges`","`tabPurchase Invoice`.`grand_total`","`tabPurchase Invoice`.`rounding_adjustment`","`tabPurchase Invoice`.`rounded_total`","`tabPurchase Invoice`.`total_advance`","`tabPurchase Invoice`.`outstanding_amount`","`tabPurchase Invoice`.`discount_amount`","`tabPurchase Invoice`.`paid_amount`","`tabPurchase Invoice`.`write_off_amount`","`tabPurchase Invoice`.`status`","`tabPurchase Invoice`.`title`","`tabPurchase Invoice`.`currency`","`tabPurchase Invoice`.`party_account_currency`"]', 'filters': '[["Purchase Invoice","company","=","Burgos atu SL"]]', 'order_by': '`tabPurchase Invoice`.`modified` desc', 'start': '0', 'page_length': '20', 'view': 'List', 'group_by': '', 'with_comment_count': '1', 'cmd': 'frappe.desk.reportview.get'}
2024-08-02 12:32:02,616 ERROR frappe New Exception collected in error log
Site: erp.grupoatu.com
Form Dict: {'doctype': 'Purchase Invoice', 'fields': '["`tabPurchase Invoice`.`name`","`tabPurchase Invoice`.`owner`","`tabPurchase Invoice`.`creation`","`tabPurchase Invoice`.`modified`","`tabPurchase Invoice`.`modified_by`","`tabPurchase Invoice`.`_user_tags`","`tabPurchase Invoice`.`_comments`","`tabPurchase Invoice`.`_assign`","`tabPurchase Invoice`.`_liked_by`","`tabPurchase Invoice`.`docstatus`","`tabPurchase Invoice`.`idx`","`tabPurchase Invoice`.`posting_date`","`tabPurchase Invoice`.`custom_sent_to_aeat`","`tabPurchase Invoice`.`total`","`tabPurchase Invoice`.`net_total`","`tabPurchase Invoice`.`tax_withholding_net_total`","`tabPurchase Invoice`.`taxes_and_charges_added`","`tabPurchase Invoice`.`taxes_and_charges_deducted`","`tabPurchase Invoice`.`total_taxes_and_charges`","`tabPurchase Invoice`.`grand_total`","`tabPurchase Invoice`.`rounding_adjustment`","`tabPurchase Invoice`.`rounded_total`","`tabPurchase Invoice`.`total_advance`","`tabPurchase Invoice`.`outstanding_amount`","`tabPurchase Invoice`.`discount_amount`","`tabPurchase Invoice`.`paid_amount`","`tabPurchase Invoice`.`write_off_amount`","`tabPurchase Invoice`.`status`","`tabPurchase Invoice`.`title`","`tabPurchase Invoice`.`currency`","`tabPurchase Invoice`.`party_account_currency`"]', 'filters': '[]', 'order_by': '`tabPurchase Invoice`.`custom_sent_to_aeat` desc', 'start': '0', 'page_length': '20', 'view': 'List', 'group_by': '', 'with_comment_count': '1', 'cmd': 'frappe.desk.reportview.get'}
2024-08-02 12:32:29,352 ERROR frappe New Exception collected in error log
Site: erp.grupoatu.com
Form Dict: {'doctype': 'Purchase Invoice', 'fields': '["`tabPurchase Invoice`.`name`","`tabPurchase Invoice`.`owner`","`tabPurchase Invoice`.`creation`","`tabPurchase Invoice`.`modified`","`tabPurchase Invoice`.`modified_by`","`tabPurchase Invoice`.`_user_tags`","`tabPurchase Invoice`.`_comments`","`tabPurchase Invoice`.`_assign`","`tabPurchase Invoice`.`_liked_by`","`tabPurchase Invoice`.`docstatus`","`tabPurchase Invoice`.`idx`","`tabPurchase Invoice`.`posting_date`","`tabPurchase Invoice`.`custom_sent_to_aeat`","`tabPurchase Invoice`.`total`","`tabPurchase Invoice`.`net_total`","`tabPurchase Invoice`.`tax_withholding_net_total`","`tabPurchase Invoice`.`taxes_and_charges_added`","`tabPurchase Invoice`.`taxes_and_charges_deducted`","`tabPurchase Invoice`.`total_taxes_and_charges`","`tabPurchase Invoice`.`grand_total`","`tabPurchase Invoice`.`rounding_adjustment`","`tabPurchase Invoice`.`rounded_total`","`tabPurchase Invoice`.`total_advance`","`tabPurchase Invoice`.`outstanding_amount`","`tabPurchase Invoice`.`discount_amount`","`tabPurchase Invoice`.`paid_amount`","`tabPurchase Invoice`.`write_off_amount`","`tabPurchase Invoice`.`status`","`tabPurchase Invoice`.`title`","`tabPurchase Invoice`.`currency`","`tabPurchase Invoice`.`party_account_currency`"]', 'filters': '[["Purchase Invoice","name","in",["ACC-PINV-2024-00254"]]]', 'order_by': '`tabPurchase Invoice`.`custom_sent_to_aeat` desc', 'start': '0', 'page_length': '20', 'view': 'List', 'group_by': '', 'with_comment_count': '1', 'cmd': 'frappe.desk.reportview.get'}
2024-08-02 12:32:32,716 ERROR frappe New Exception collected in error log
Site: erp.grupoatu.com
Form Dict: {'doctype': 'Purchase Invoice', 'fields': '["`tabPurchase Invoice`.`name`","`tabPurchase Invoice`.`owner`","`tabPurchase Invoice`.`creation`","`tabPurchase Invoice`.`modified`","`tabPurchase Invoice`.`modified_by`","`tabPurchase Invoice`.`_user_tags`","`tabPurchase Invoice`.`_comments`","`tabPurchase Invoice`.`_assign`","`tabPurchase Invoice`.`_liked_by`","`tabPurchase Invoice`.`docstatus`","`tabPurchase Invoice`.`idx`","`tabPurchase Invoice`.`posting_date`","`tabPurchase Invoice`.`custom_sent_to_aeat`","`tabPurchase Invoice`.`total`","`tabPurchase Invoice`.`net_total`","`tabPurchase Invoice`.`tax_withholding_net_total`","`tabPurchase Invoice`.`taxes_and_charges_added`","`tabPurchase Invoice`.`taxes_and_charges_deducted`","`tabPurchase Invoice`.`total_taxes_and_charges`","`tabPurchase Invoice`.`grand_total`","`tabPurchase Invoice`.`rounding_adjustment`","`tabPurchase Invoice`.`rounded_total`","`tabPurchase Invoice`.`total_advance`","`tabPurchase Invoice`.`outstanding_amount`","`tabPurchase Invoice`.`discount_amount`","`tabPurchase Invoice`.`paid_amount`","`tabPurchase Invoice`.`write_off_amount`","`tabPurchase Invoice`.`status`","`tabPurchase Invoice`.`title`","`tabPurchase Invoice`.`currency`","`tabPurchase Invoice`.`party_account_currency`"]', 'filters': '[["Purchase Invoice","company","=","Burgos atu SL"]]', 'order_by': '`tabPurchase Invoice`.`modified` desc', 'start': '0', 'page_length': '20', 'view': 'List', 'group_by': '', 'with_comment_count': '1', 'cmd': 'frappe.desk.reportview.get'}
2024-08-02 12:32:42,001 ERROR frappe New Exception collected in error log
Site: erp.grupoatu.com
Form Dict: {'doctype': 'Purchase Invoice', 'fields': '["`tabPurchase Invoice`.`name`","`tabPurchase Invoice`.`owner`","`tabPurchase Invoice`.`creation`","`tabPurchase Invoice`.`modified`","`tabPurchase Invoice`.`modified_by`","`tabPurchase Invoice`.`_user_tags`","`tabPurchase Invoice`.`_comments`","`tabPurchase Invoice`.`_assign`","`tabPurchase Invoice`.`_liked_by`","`tabPurchase Invoice`.`docstatus`","`tabPurchase Invoice`.`idx`","`tabPurchase Invoice`.`posting_date`","`tabPurchase Invoice`.`custom_sent_to_aeat`","`tabPurchase Invoice`.`total`","`tabPurchase Invoice`.`net_total`","`tabPurchase Invoice`.`tax_withholding_net_total`","`tabPurchase Invoice`.`taxes_and_charges_added`","`tabPurchase Invoice`.`taxes_and_charges_deducted`","`tabPurchase Invoice`.`total_taxes_and_charges`","`tabPurchase Invoice`.`grand_total`","`tabPurchase Invoice`.`rounding_adjustment`","`tabPurchase Invoice`.`rounded_total`","`tabPurchase Invoice`.`total_advance`","`tabPurchase Invoice`.`outstanding_amount`","`tabPurchase Invoice`.`discount_amount`","`tabPurchase Invoice`.`paid_amount`","`tabPurchase Invoice`.`write_off_amount`","`tabPurchase Invoice`.`status`","`tabPurchase Invoice`.`title`","`tabPurchase Invoice`.`currency`","`tabPurchase Invoice`.`party_account_currency`"]', 'filters': '[["Purchase Invoice","company","=","Burgos atu SL"]]', 'order_by': '`tabPurchase Invoice`.`modified` desc', 'start': '0', 'page_length': '20', 'view': 'List', 'group_by': '', 'with_comment_count': '1', 'cmd': 'frappe.desk.reportview.get'}
2024-08-02 12:33:07,181 ERROR frappe New Exception collected in error log
Site: erp.grupoatu.com
Form Dict: {'doctype': 'Purchase Invoice', 'fields': '["`tabPurchase Invoice`.`name`","`tabPurchase Invoice`.`owner`","`tabPurchase Invoice`.`creation`","`tabPurchase Invoice`.`modified`","`tabPurchase Invoice`.`modified_by`","`tabPurchase Invoice`.`_user_tags`","`tabPurchase Invoice`.`_comments`","`tabPurchase Invoice`.`_assign`","`tabPurchase Invoice`.`_liked_by`","`tabPurchase Invoice`.`docstatus`","`tabPurchase Invoice`.`idx`","`tabPurchase Invoice`.`posting_date`","`tabPurchase Invoice`.`custom_sent_to_aeat`","`tabPurchase Invoice`.`total`","`tabPurchase Invoice`.`net_total`","`tabPurchase Invoice`.`tax_withholding_net_total`","`tabPurchase Invoice`.`taxes_and_charges_added`","`tabPurchase Invoice`.`taxes_and_charges_deducted`","`tabPurchase Invoice`.`total_taxes_and_charges`","`tabPurchase Invoice`.`grand_total`","`tabPurchase Invoice`.`rounding_adjustment`","`tabPurchase Invoice`.`rounded_total`","`tabPurchase Invoice`.`total_advance`","`tabPurchase Invoice`.`outstanding_amount`","`tabPurchase Invoice`.`discount_amount`","`tabPurchase Invoice`.`paid_amount`","`tabPurchase Invoice`.`write_off_amount`","`tabPurchase Invoice`.`status`","`tabPurchase Invoice`.`title`","`tabPurchase Invoice`.`currency`","`tabPurchase Invoice`.`party_account_currency`"]', 'filters': '[]', 'order_by': '`tabPurchase Invoice`.`custom_sent_to_aeat` desc', 'start': '0', 'page_length': '20', 'view': 'List', 'group_by': '', 'with_comment_count': '1', 'cmd': 'frappe.desk.reportview.get'}
2024-08-02 12:33:36,098 ERROR frappe New Exception collected in error log
Site: erp.grupoatu.com
Form Dict: {'doctype': 'Purchase Invoice', 'fields': '["`tabPurchase Invoice`.`name`","`tabPurchase Invoice`.`owner`","`tabPurchase Invoice`.`creation`","`tabPurchase Invoice`.`modified`","`tabPurchase Invoice`.`modified_by`","`tabPurchase Invoice`.`_user_tags`","`tabPurchase Invoice`.`_comments`","`tabPurchase Invoice`.`_assign`","`tabPurchase Invoice`.`_liked_by`","`tabPurchase Invoice`.`docstatus`","`tabPurchase Invoice`.`idx`","`tabPurchase Invoice`.`posting_date`","`tabPurchase Invoice`.`custom_sent_to_aeat`","`tabPurchase Invoice`.`total`","`tabPurchase Invoice`.`net_total`","`tabPurchase Invoice`.`tax_withholding_net_total`","`tabPurchase Invoice`.`taxes_and_charges_added`","`tabPurchase Invoice`.`taxes_and_charges_deducted`","`tabPurchase Invoice`.`total_taxes_and_charges`","`tabPurchase Invoice`.`grand_total`","`tabPurchase Invoice`.`rounding_adjustment`","`tabPurchase Invoice`.`rounded_total`","`tabPurchase Invoice`.`total_advance`","`tabPurchase Invoice`.`outstanding_amount`","`tabPurchase Invoice`.`discount_amount`","`tabPurchase Invoice`.`paid_amount`","`tabPurchase Invoice`.`write_off_amount`","`tabPurchase Invoice`.`status`","`tabPurchase Invoice`.`title`","`tabPurchase Invoice`.`currency`","`tabPurchase Invoice`.`party_account_currency`"]', 'filters': '[["Purchase Invoice","company","=","Burgos atu SL"]]', 'order_by': '`tabPurchase Invoice`.`modified` desc', 'start': '0', 'page_length': '20', 'view': 'List', 'group_by': '', 'with_comment_count': '1', 'cmd': 'frappe.desk.reportview.get'}
2024-08-02 12:33:48,798 ERROR frappe New Exception collected in error log
Site: erp.grupoatu.com
Form Dict: {'doctype': 'Purchase Invoice', 'fields': '["`tabPurchase Invoice`.`name`","`tabPurchase Invoice`.`owner`","`tabPurchase Invoice`.`creation`","`tabPurchase Invoice`.`modified`","`tabPurchase Invoice`.`modified_by`","`tabPurchase Invoice`.`_user_tags`","`tabPurchase Invoice`.`_comments`","`tabPurchase Invoice`.`_assign`","`tabPurchase Invoice`.`_liked_by`","`tabPurchase Invoice`.`docstatus`","`tabPurchase Invoice`.`idx`","`tabPurchase Invoice`.`posting_date`","`tabPurchase Invoice`.`custom_sent_to_aeat`","`tabPurchase Invoice`.`total`","`tabPurchase Invoice`.`net_total`","`tabPurchase Invoice`.`tax_withholding_net_total`","`tabPurchase Invoice`.`taxes_and_charges_added`","`tabPurchase Invoice`.`taxes_and_charges_deducted`","`tabPurchase Invoice`.`total_taxes_and_charges`","`tabPurchase Invoice`.`grand_total`","`tabPurchase Invoice`.`rounding_adjustment`","`tabPurchase Invoice`.`rounded_total`","`tabPurchase Invoice`.`total_advance`","`tabPurchase Invoice`.`outstanding_amount`","`tabPurchase Invoice`.`discount_amount`","`tabPurchase Invoice`.`paid_amount`","`tabPurchase Invoice`.`write_off_amount`","`tabPurchase Invoice`.`status`","`tabPurchase Invoice`.`title`","`tabPurchase Invoice`.`currency`","`tabPurchase Invoice`.`party_account_currency`"]', 'filters': '[["Purchase Invoice","company","=","Burgos atu SL"]]', 'order_by': '`tabPurchase Invoice`.`modified` desc', 'start': '0', 'page_length': '20', 'view': 'List', 'group_by': '', 'with_comment_count': '1', 'cmd': 'frappe.desk.reportview.get'}
2024-08-02 12:34:23,266 ERROR frappe New Exception collected in error log
Site: erp.grupoatu.com
Form Dict: {'doctype': 'Purchase Invoice', 'fields': '["`tabPurchase Invoice`.`name`","`tabPurchase Invoice`.`owner`","`tabPurchase Invoice`.`creation`","`tabPurchase Invoice`.`modified`","`tabPurchase Invoice`.`modified_by`","`tabPurchase Invoice`.`_user_tags`","`tabPurchase Invoice`.`_comments`","`tabPurchase Invoice`.`_assign`","`tabPurchase Invoice`.`_liked_by`","`tabPurchase Invoice`.`docstatus`","`tabPurchase Invoice`.`idx`","`tabPurchase Invoice`.`posting_date`","`tabPurchase Invoice`.`custom_sent_to_aeat`","`tabPurchase Invoice`.`total`","`tabPurchase Invoice`.`net_total`","`tabPurchase Invoice`.`tax_withholding_net_total`","`tabPurchase Invoice`.`taxes_and_charges_added`","`tabPurchase Invoice`.`taxes_and_charges_deducted`","`tabPurchase Invoice`.`total_taxes_and_charges`","`tabPurchase Invoice`.`grand_total`","`tabPurchase Invoice`.`rounding_adjustment`","`tabPurchase Invoice`.`rounded_total`","`tabPurchase Invoice`.`total_advance`","`tabPurchase Invoice`.`outstanding_amount`","`tabPurchase Invoice`.`discount_amount`","`tabPurchase Invoice`.`paid_amount`","`tabPurchase Invoice`.`write_off_amount`","`tabPurchase Invoice`.`status`","`tabPurchase Invoice`.`title`","`tabPurchase Invoice`.`currency`","`tabPurchase Invoice`.`party_account_currency`"]', 'filters': '[]', 'order_by': '`tabPurchase Invoice`.`custom_sent_to_aeat` desc', 'start': '0', 'page_length': '20', 'view': 'List', 'group_by': '', 'with_comment_count': '1', 'cmd': 'frappe.desk.reportview.get'}
2024-08-02 12:34:28,731 ERROR frappe New Exception collected in error log
Site: erp.grupoatu.com
Form Dict: {'doctype': 'Purchase Invoice', 'fields': '["`tabPurchase Invoice`.`name`","`tabPurchase Invoice`.`owner`","`tabPurchase Invoice`.`creation`","`tabPurchase Invoice`.`modified`","`tabPurchase Invoice`.`modified_by`","`tabPurchase Invoice`.`_user_tags`","`tabPurchase Invoice`.`_comments`","`tabPurchase Invoice`.`_assign`","`tabPurchase Invoice`.`_liked_by`","`tabPurchase Invoice`.`docstatus`","`tabPurchase Invoice`.`idx`","`tabPurchase Invoice`.`posting_date`","`tabPurchase Invoice`.`custom_sent_to_aeat`","`tabPurchase Invoice`.`total`","`tabPurchase Invoice`.`net_total`","`tabPurchase Invoice`.`tax_withholding_net_total`","`tabPurchase Invoice`.`taxes_and_charges_added`","`tabPurchase Invoice`.`taxes_and_charges_deducted`","`tabPurchase Invoice`.`total_taxes_and_charges`","`tabPurchase Invoice`.`grand_total`","`tabPurchase Invoice`.`rounding_adjustment`","`tabPurchase Invoice`.`rounded_total`","`tabPurchase Invoice`.`total_advance`","`tabPurchase Invoice`.`outstanding_amount`","`tabPurchase Invoice`.`discount_amount`","`tabPurchase Invoice`.`paid_amount`","`tabPurchase Invoice`.`write_off_amount`","`tabPurchase Invoice`.`status`","`tabPurchase Invoice`.`title`","`tabPurchase Invoice`.`currency`","`tabPurchase Invoice`.`party_account_currency`"]', 'filters': '[["Purchase Invoice","company","=","Burgos atu SL"]]', 'order_by': '`tabPurchase Invoice`.`modified` desc', 'start': '0', 'page_length': '20', 'view': 'List', 'group_by': '', 'with_comment_count': '1', 'cmd': 'frappe.desk.reportview.get'}
2024-08-02 12:34:40,405 ERROR frappe New Exception collected in error log
Site: erp.grupoatu.com
Form Dict: {'doctype': 'Purchase Invoice', 'fields': '["`tabPurchase Invoice`.`name`","`tabPurchase Invoice`.`owner`","`tabPurchase Invoice`.`creation`","`tabPurchase Invoice`.`modified`","`tabPurchase Invoice`.`modified_by`","`tabPurchase Invoice`.`_user_tags`","`tabPurchase Invoice`.`_comments`","`tabPurchase Invoice`.`_assign`","`tabPurchase Invoice`.`_liked_by`","`tabPurchase Invoice`.`docstatus`","`tabPurchase Invoice`.`idx`","`tabPurchase Invoice`.`posting_date`","`tabPurchase Invoice`.`custom_sent_to_aeat`","`tabPurchase Invoice`.`total`","`tabPurchase Invoice`.`net_total`","`tabPurchase Invoice`.`tax_withholding_net_total`","`tabPurchase Invoice`.`taxes_and_charges_added`","`tabPurchase Invoice`.`taxes_and_charges_deducted`","`tabPurchase Invoice`.`total_taxes_and_charges`","`tabPurchase Invoice`.`grand_total`","`tabPurchase Invoice`.`rounding_adjustment`","`tabPurchase Invoice`.`rounded_total`","`tabPurchase Invoice`.`total_advance`","`tabPurchase Invoice`.`outstanding_amount`","`tabPurchase Invoice`.`discount_amount`","`tabPurchase Invoice`.`paid_amount`","`tabPurchase Invoice`.`write_off_amount`","`tabPurchase Invoice`.`status`","`tabPurchase Invoice`.`title`","`tabPurchase Invoice`.`currency`","`tabPurchase Invoice`.`party_account_currency`"]', 'filters': '[["Purchase Invoice","company","=","Burgos atu SL"]]', 'order_by': '`tabPurchase Invoice`.`modified` desc', 'start': '0', 'page_length': '20', 'view': 'List', 'group_by': '', 'with_comment_count': '1', 'cmd': 'frappe.desk.reportview.get'}
2024-08-02 15:50:57,557 ERROR frappe New Exception collected in error log
Site: erp.grupoatu.com
Form Dict: {'doc': '{"name":"Este curso de prueba","owner":"Administrator","creation":"2024-06-24 11:32:50.789488","modified":"2024-08-02 15:49:25.456491","modified_by":"Administrator","docstatus":0,"idx":27,"course_name":"Este curso de prueba","code":"0987654321","expediente":"prueba","virtual_class":"No","description":"fdasfasf","start_date":"2024-07-18","end_date":"2024-07-31","custom_fecha_inicio_teoría":"2024-07-19","custom_fecha_fin_teoría":"2024-07-24","custom_fecha_inicio_practicas":"2024-07-25","custom_fecha_fin_practicas":"2024-07-31","doctype":"Course","topics":[],"assessment_criteria":[],"__unsaved":1}', 'action': 'Save', 'cmd': 'frappe.desk.form.save.savedocs'}
2024-08-02 15:52:46,427 ERROR frappe New Exception collected in error log
Site: erp.grupoatu.com
Form Dict: {'doc': '{"name":"Este curso de prueba","owner":"Administrator","creation":"2024-06-24 11:32:50.789488","modified":"2024-08-02 15:49:25.456491","modified_by":"Administrator","docstatus":0,"idx":27,"course_name":"Este curso de prueba","code":"0987654321","expediente":"prueba","virtual_class":"No","description":"fdasfasf","start_date":"2024-07-18","end_date":"2024-07-31","custom_fecha_inicio_teoría":"2024-07-19","custom_fecha_fin_teoría":"2024-07-24","custom_fecha_inicio_practicas":"2024-07-25","custom_fecha_fin_practicas":"2024-07-31","doctype":"Course","topics":[],"assessment_criteria":[],"__unsaved":1}', 'action': 'Save', 'cmd': 'frappe.desk.form.save.savedocs'}
2024-08-02 15:52:59,336 ERROR frappe New Exception collected in error log
Site: erp.grupoatu.com
Form Dict: {'doc': '{"name":"Este curso de prueba","owner":"Administrator","creation":"2024-06-24 11:32:50.789488","modified":"2024-08-02 15:49:25.456491","modified_by":"Administrator","docstatus":0,"idx":27,"course_name":"Este curso de prueba","code":"0987654321","expediente":"prueba","virtual_class":"No","description":"fdasfasf","start_date":"2024-07-18","end_date":"2024-07-31","custom_fecha_inicio_teoría":"2024-07-19","custom_fecha_fin_teoría":"2024-07-24","custom_fecha_inicio_practicas":"2024-07-25","custom_fecha_fin_practicas":"2024-07-31","doctype":"Course","topics":[],"assessment_criteria":[],"__last_sync_on":"2024-08-02T13:52:50.433Z","__unsaved":1}', 'action': 'Save', 'cmd': 'frappe.desk.form.save.savedocs'}
